
 /----------------------------------------------------------------------------\
 |  yosys -- Yosys Open SYnthesis Suite                                       |
 |  Copyright (C) 2012 - 2025  Claire Xenia Wolf <claire@yosyshq.com>         |
 |  Distributed under an ISC-like license, type "license" to see terms        |
 \----------------------------------------------------------------------------/
 Yosys 0.52 (git sha1 fee39a3284c90249e1d9684cf6944ffbbcbb8f90)

-- Executing script file `scenarios/rtl_demo/synth.ys' --

1. Executing Verilog-2005 frontend: scenarios/rtl_demo/rtl/cmd_alu.sv
Parsing SystemVerilog input from `scenarios/rtl_demo/rtl/cmd_alu.sv' to AST representation.
Warning: Encountered `translate_off' comment! Such legacy hot comments are supported by Yosys, but are not part of any formal language specification. Using a portable and standards-compliant construct such as `ifdef is recommended!
Generating RTLIL representation for module `\cmd_alu'.
Successfully finished Verilog frontend.

2. Executing HIERARCHY pass (managing design hierarchy).

2.1. Analyzing design hierarchy..
Top module:  \cmd_alu

2.2. Analyzing design hierarchy..
Top module:  \cmd_alu
Removed 0 unused modules.

3. Executing PROC_INIT pass (extract init attributes).

4. Executing PROC_ARST pass (detect async resets in processes).
Found async reset \rst_ni in `\cmd_alu.$proc$scenarios/rtl_demo/rtl/cmd_alu.sv:75$2'.

5. Executing PROC_MUX pass (convert decision trees to multiplexers).
Creating decoders for process `\cmd_alu.$proc$scenarios/rtl_demo/rtl/cmd_alu.sv:0$9'.
     1/2: $1\flag_o[0:0]
     2/2: $0\flag_o[0:0]
Creating decoders for process `\cmd_alu.$proc$scenarios/rtl_demo/rtl/cmd_alu.sv:0$7'.
     1/2: $1\result_o[31:0]
     2/2: $0\result_o[31:0]
Creating decoders for process `\cmd_alu.$proc$scenarios/rtl_demo/rtl/cmd_alu.sv:75$2'.
     1/6: $1\state_q[1:0]
     2/6: $0\state_q[1:0]
     3/6: $0\acc_q[31:0]
     4/6: $0\opc_q[3:0]
     5/6: $0\op_b_q[31:0]
     6/6: $0\op_a_q[31:0]
Creating decoders for process `\cmd_alu.$proc$scenarios/rtl_demo/rtl/cmd_alu.sv:0$1'.
     1/3: $2\state_d[1:0]
     2/3: $1\state_d[1:0]
     3/3: $0\state_d[1:0]

6. Executing PROC_DLATCH pass (convert process syncs to latches).
ERROR: Command syntax error: Unknown option or option in arguments.
> proc_dlatch -ignore '$lookahead'
>             ^
